{"C:\\Users\\gguti\\Projects\\pandago-role-play\\src\\modules\\character-detail\\components\\MarvelCharacterDetail.vue": {"path":"C:\\Users\\gguti\\Projects\\pandago-role-play\\src\\modules\\character-detail\\components\\MarvelCharacterDetail.vue","all":false,"statementMap":{"0":{"start":{"line":1,"column":0},"end":{"line":1,"column":10}},"1":{"start":{"line":2,"column":0},"end":{"line":2,"column":28}},"2":{"start":{"line":3,"column":0},"end":{"line":3,"column":28}},"3":{"start":{"line":4,"column":0},"end":{"line":4,"column":30}},"4":{"start":{"line":5,"column":0},"end":{"line":5,"column":33}},"6":{"start":{"line":7,"column":0},"end":{"line":7,"column":23}},"7":{"start":{"line":8,"column":0},"end":{"line":8,"column":40}},"8":{"start":{"line":9,"column":0},"end":{"line":9,"column":58}},"9":{"start":{"line":10,"column":0},"end":{"line":10,"column":44}},"10":{"start":{"line":11,"column":0},"end":{"line":11,"column":49}},"11":{"start":{"line":12,"column":0},"end":{"line":12,"column":24}},"12":{"start":{"line":13,"column":0},"end":{"line":13,"column":22}},"14":{"start":{"line":15,"column":0},"end":{"line":15,"column":60}},"15":{"start":{"line":16,"column":0},"end":{"line":16,"column":65}},"16":{"start":{"line":17,"column":0},"end":{"line":17,"column":22}},"18":{"start":{"line":19,"column":0},"end":{"line":19,"column":60}},"19":{"start":{"line":20,"column":0},"end":{"line":20,"column":20}},"20":{"start":{"line":21,"column":0},"end":{"line":21,"column":24}},"22":{"start":{"line":23,"column":0},"end":{"line":23,"column":119}},"24":{"start":{"line":25,"column":0},"end":{"line":25,"column":93}},"25":{"start":{"line":26,"column":0},"end":{"line":26,"column":70}},"27":{"start":{"line":28,"column":0},"end":{"line":28,"column":18}},"28":{"start":{"line":29,"column":0},"end":{"line":29,"column":53}},"29":{"start":{"line":30,"column":0},"end":{"line":30,"column":50}},"30":{"start":{"line":31,"column":0},"end":{"line":31,"column":50}},"31":{"start":{"line":32,"column":0},"end":{"line":32,"column":51}},"32":{"start":{"line":33,"column":0},"end":{"line":33,"column":56}},"33":{"start":{"line":34,"column":0},"end":{"line":34,"column":21}},"35":{"start":{"line":36,"column":0},"end":{"line":36,"column":41}},"36":{"start":{"line":37,"column":0},"end":{"line":37,"column":49}},"37":{"start":{"line":38,"column":0},"end":{"line":38,"column":47}},"38":{"start":{"line":39,"column":0},"end":{"line":39,"column":35}},"40":{"start":{"line":41,"column":0},"end":{"line":41,"column":49}},"41":{"start":{"line":42,"column":0},"end":{"line":42,"column":47}},"42":{"start":{"line":43,"column":0},"end":{"line":43,"column":35}},"44":{"start":{"line":45,"column":0},"end":{"line":45,"column":49}},"45":{"start":{"line":46,"column":0},"end":{"line":46,"column":47}},"46":{"start":{"line":47,"column":0},"end":{"line":47,"column":35}},"48":{"start":{"line":49,"column":0},"end":{"line":49,"column":52}},"49":{"start":{"line":50,"column":0},"end":{"line":50,"column":48}},"50":{"start":{"line":51,"column":0},"end":{"line":51,"column":35}},"51":{"start":{"line":52,"column":0},"end":{"line":52,"column":28}},"53":{"start":{"line":54,"column":0},"end":{"line":54,"column":19}},"54":{"start":{"line":55,"column":0},"end":{"line":55,"column":17}},"56":{"start":{"line":57,"column":0},"end":{"line":57,"column":26}},"58":{"start":{"line":59,"column":0},"end":{"line":59,"column":32}},"59":{"start":{"line":60,"column":0},"end":{"line":60,"column":26}},"60":{"start":{"line":61,"column":0},"end":{"line":61,"column":25}},"61":{"start":{"line":62,"column":0},"end":{"line":62,"column":31}},"62":{"start":{"line":63,"column":0},"end":{"line":63,"column":10}},"63":{"start":{"line":64,"column":0},"end":{"line":64,"column":14}},"64":{"start":{"line":65,"column":0},"end":{"line":65,"column":12}},"65":{"start":{"line":66,"column":0},"end":{"line":66,"column":16}},"69":{"start":{"line":70,"column":0},"end":{"line":70,"column":33}},"70":{"start":{"line":71,"column":0},"end":{"line":71,"column":50}},"73":{"start":{"line":74,"column":0},"end":{"line":74,"column":51}},"74":{"start":{"line":75,"column":0},"end":{"line":75,"column":67}},"75":{"start":{"line":76,"column":0},"end":{"line":76,"column":77}},"76":{"start":{"line":77,"column":0},"end":{"line":77,"column":77}},"77":{"start":{"line":78,"column":0},"end":{"line":78,"column":77}},"78":{"start":{"line":79,"column":0},"end":{"line":79,"column":79}},"80":{"start":{"line":81,"column":0},"end":{"line":81,"column":26}},"81":{"start":{"line":82,"column":0},"end":{"line":82,"column":28}},"82":{"start":{"line":83,"column":0},"end":{"line":83,"column":27}},"83":{"start":{"line":84,"column":0},"end":{"line":84,"column":47}},"85":{"start":{"line":86,"column":0},"end":{"line":86,"column":44}},"86":{"start":{"line":87,"column":0},"end":{"line":87,"column":56}},"87":{"start":{"line":88,"column":0},"end":{"line":88,"column":49}},"88":{"start":{"line":89,"column":0},"end":{"line":89,"column":75}},"89":{"start":{"line":90,"column":0},"end":{"line":90,"column":5}},"90":{"start":{"line":91,"column":0},"end":{"line":91,"column":3}},"92":{"start":{"line":93,"column":0},"end":{"line":93,"column":24}},"93":{"start":{"line":94,"column":0},"end":{"line":94,"column":17}},"94":{"start":{"line":95,"column":0},"end":{"line":95,"column":3}},"96":{"start":{"line":97,"column":0},"end":{"line":97,"column":33}}},"s":{"0":1,"1":1,"2":1,"3":1,"4":1,"6":1,"7":1,"8":1,"9":1,"10":1,"11":1,"12":1,"14":1,"15":1,"16":1,"18":1,"19":1,"20":1,"22":1,"24":1,"25":1,"27":1,"28":1,"29":1,"30":1,"31":1,"32":1,"33":1,"35":1,"36":1,"37":1,"38":1,"40":1,"41":1,"42":1,"44":1,"45":1,"46":1,"48":1,"49":1,"50":1,"51":1,"53":1,"54":1,"56":1,"58":1,"59":1,"60":1,"61":1,"62":1,"63":1,"64":1,"65":1,"69":1,"70":1,"73":1,"74":1,"75":1,"76":1,"77":1,"78":1,"80":1,"81":1,"82":1,"83":1,"85":1,"86":1,"87":0,"88":0,"89":0,"90":1,"92":1,"93":0,"94":0,"96":1},"branchMap":{"0":{"type":"branch","line":86,"loc":{"start":{"line":86,"column":31},"end":{"line":91,"column":3}},"locations":[{"start":{"line":86,"column":31},"end":{"line":91,"column":3}}]},"1":{"type":"branch","line":87,"loc":{"start":{"line":87,"column":8},"end":{"line":87,"column":33}},"locations":[{"start":{"line":87,"column":8},"end":{"line":87,"column":33}}]},"2":{"type":"branch","line":87,"loc":{"start":{"line":87,"column":23},"end":{"line":87,"column":55}},"locations":[{"start":{"line":87,"column":23},"end":{"line":87,"column":55}}]},"3":{"type":"branch","line":87,"loc":{"start":{"line":87,"column":55},"end":{"line":90,"column":5}},"locations":[{"start":{"line":87,"column":55},"end":{"line":90,"column":5}}]}},"b":{"0":[1],"1":[0],"2":[0],"3":[0]},"fnMap":{"0":{"name":"fetchCharacterDetail","decl":{"start":{"line":86,"column":31},"end":{"line":91,"column":3}},"loc":{"start":{"line":86,"column":31},"end":{"line":91,"column":3}},"line":86},"1":{"name":"goBack","decl":{"start":{"line":93,"column":17},"end":{"line":95,"column":3}},"loc":{"start":{"line":93,"column":17},"end":{"line":95,"column":3}},"line":93}},"f":{"0":1,"1":0}}
,"C:\\Users\\gguti\\Projects\\pandago-role-play\\src\\modules\\character-detail\\components\\MarvelCharacterDetailComics.vue": {"path":"C:\\Users\\gguti\\Projects\\pandago-role-play\\src\\modules\\character-detail\\components\\MarvelCharacterDetailComics.vue","all":false,"statementMap":{"0":{"start":{"line":1,"column":0},"end":{"line":1,"column":10}},"1":{"start":{"line":2,"column":0},"end":{"line":2,"column":28}},"2":{"start":{"line":3,"column":0},"end":{"line":3,"column":28}},"3":{"start":{"line":4,"column":0},"end":{"line":4,"column":23}},"4":{"start":{"line":5,"column":0},"end":{"line":5,"column":80}},"5":{"start":{"line":6,"column":0},"end":{"line":6,"column":82}},"6":{"start":{"line":7,"column":0},"end":{"line":7,"column":19}},"7":{"start":{"line":8,"column":0},"end":{"line":8,"column":31}},"8":{"start":{"line":9,"column":0},"end":{"line":9,"column":56}},"9":{"start":{"line":10,"column":0},"end":{"line":10,"column":22}},"10":{"start":{"line":11,"column":0},"end":{"line":11,"column":20}},"11":{"start":{"line":12,"column":0},"end":{"line":12,"column":101}},"12":{"start":{"line":13,"column":0},"end":{"line":13,"column":19}},"13":{"start":{"line":14,"column":0},"end":{"line":14,"column":31}},"14":{"start":{"line":15,"column":0},"end":{"line":15,"column":110}},"15":{"start":{"line":16,"column":0},"end":{"line":16,"column":22}},"16":{"start":{"line":17,"column":0},"end":{"line":17,"column":20}},"17":{"start":{"line":18,"column":0},"end":{"line":18,"column":28}},"18":{"start":{"line":19,"column":0},"end":{"line":19,"column":21}},"19":{"start":{"line":20,"column":0},"end":{"line":20,"column":36}},"20":{"start":{"line":21,"column":0},"end":{"line":21,"column":34}},"21":{"start":{"line":22,"column":0},"end":{"line":22,"column":65}},"22":{"start":{"line":23,"column":0},"end":{"line":23,"column":18}},"23":{"start":{"line":24,"column":0},"end":{"line":24,"column":22}},"24":{"start":{"line":25,"column":0},"end":{"line":25,"column":124}},"25":{"start":{"line":26,"column":0},"end":{"line":26,"column":14}},"26":{"start":{"line":27,"column":0},"end":{"line":27,"column":12}},"27":{"start":{"line":28,"column":0},"end":{"line":28,"column":16}},"31":{"start":{"line":32,"column":0},"end":{"line":32,"column":33}},"32":{"start":{"line":33,"column":0},"end":{"line":33,"column":39}},"35":{"start":{"line":36,"column":0},"end":{"line":36,"column":51}},"36":{"start":{"line":37,"column":0},"end":{"line":37,"column":67}},"38":{"start":{"line":39,"column":0},"end":{"line":39,"column":26}},"39":{"start":{"line":40,"column":0},"end":{"line":40,"column":42}},"40":{"start":{"line":41,"column":0},"end":{"line":41,"column":28}},"42":{"start":{"line":43,"column":0},"end":{"line":43,"column":50}},"43":{"start":{"line":44,"column":0},"end":{"line":44,"column":24}},"45":{"start":{"line":46,"column":0},"end":{"line":46,"column":56}},"46":{"start":{"line":47,"column":0},"end":{"line":47,"column":49}},"47":{"start":{"line":48,"column":0},"end":{"line":48,"column":87}},"48":{"start":{"line":49,"column":0},"end":{"line":49,"column":5}},"50":{"start":{"line":51,"column":0},"end":{"line":51,"column":25}},"51":{"start":{"line":52,"column":0},"end":{"line":52,"column":3}},"53":{"start":{"line":54,"column":0},"end":{"line":54,"column":39}}},"s":{"0":0,"1":1,"2":1,"3":1,"4":1,"5":1,"6":1,"7":1,"8":1,"9":1,"10":1,"11":1,"12":1,"13":1,"14":1,"15":1,"16":1,"17":1,"18":1,"19":1,"20":1,"21":1,"22":1,"23":1,"24":1,"25":1,"26":1,"27":1,"31":1,"32":1,"35":1,"36":1,"38":1,"39":1,"40":1,"42":1,"43":1,"45":1,"46":0,"47":0,"48":0,"50":1,"51":1,"53":1},"branchMap":{"0":{"type":"branch","line":43,"loc":{"start":{"line":43,"column":37},"end":{"line":52,"column":3}},"locations":[{"start":{"line":43,"column":37},"end":{"line":52,"column":3}}]},"1":{"type":"branch","line":46,"loc":{"start":{"line":46,"column":8},"end":{"line":46,"column":33}},"locations":[{"start":{"line":46,"column":8},"end":{"line":46,"column":33}}]},"2":{"type":"branch","line":46,"loc":{"start":{"line":46,"column":23},"end":{"line":46,"column":55}},"locations":[{"start":{"line":46,"column":23},"end":{"line":46,"column":55}}]},"3":{"type":"branch","line":46,"loc":{"start":{"line":46,"column":55},"end":{"line":49,"column":5}},"locations":[{"start":{"line":46,"column":55},"end":{"line":49,"column":5}}]},"4":{"type":"branch","line":1,"loc":{"start":{"line":1,"column":0},"end":{"line":1,"column":10}},"locations":[{"start":{"line":1,"column":0},"end":{"line":1,"column":10}}]},"5":{"type":"branch","line":25,"loc":{"start":{"line":25,"column":72},"end":{"line":25,"column":124}},"locations":[{"start":{"line":25,"column":72},"end":{"line":25,"column":124}}]},"6":{"type":"branch","line":25,"loc":{"start":{"line":25,"column":114},"end":{"line":25,"column":124}},"locations":[{"start":{"line":25,"column":114},"end":{"line":25,"column":124}}]}},"b":{"0":[1],"1":[0],"2":[0],"3":[0],"4":[0],"5":[2],"6":[1]},"fnMap":{"0":{"name":"fetchCharacterDetailComics","decl":{"start":{"line":43,"column":37},"end":{"line":52,"column":3}},"loc":{"start":{"line":43,"column":37},"end":{"line":52,"column":3}},"line":43}},"f":{"0":1}}
,"C:\\Users\\gguti\\Projects\\pandago-role-play\\src\\modules\\character-detail\\components\\MarvelCharacterDetailEvents.vue": {"path":"C:\\Users\\gguti\\Projects\\pandago-role-play\\src\\modules\\character-detail\\components\\MarvelCharacterDetailEvents.vue","all":false,"statementMap":{"0":{"start":{"line":1,"column":0},"end":{"line":1,"column":10}},"1":{"start":{"line":2,"column":0},"end":{"line":2,"column":28}},"2":{"start":{"line":3,"column":0},"end":{"line":3,"column":28}},"3":{"start":{"line":4,"column":0},"end":{"line":4,"column":23}},"4":{"start":{"line":5,"column":0},"end":{"line":5,"column":80}},"5":{"start":{"line":6,"column":0},"end":{"line":6,"column":83}},"6":{"start":{"line":7,"column":0},"end":{"line":7,"column":53}},"7":{"start":{"line":8,"column":0},"end":{"line":8,"column":63}},"8":{"start":{"line":9,"column":0},"end":{"line":9,"column":123}},"9":{"start":{"line":10,"column":0},"end":{"line":10,"column":28}},"10":{"start":{"line":11,"column":0},"end":{"line":11,"column":21}},"11":{"start":{"line":12,"column":0},"end":{"line":12,"column":36}},"12":{"start":{"line":13,"column":0},"end":{"line":13,"column":34}},"13":{"start":{"line":14,"column":0},"end":{"line":14,"column":65}},"14":{"start":{"line":15,"column":0},"end":{"line":15,"column":18}},"15":{"start":{"line":16,"column":0},"end":{"line":16,"column":22}},"16":{"start":{"line":17,"column":0},"end":{"line":17,"column":125}},"17":{"start":{"line":18,"column":0},"end":{"line":18,"column":14}},"18":{"start":{"line":19,"column":0},"end":{"line":19,"column":12}},"19":{"start":{"line":20,"column":0},"end":{"line":20,"column":16}},"23":{"start":{"line":24,"column":0},"end":{"line":24,"column":33}},"24":{"start":{"line":25,"column":0},"end":{"line":25,"column":39}},"27":{"start":{"line":28,"column":0},"end":{"line":28,"column":51}},"28":{"start":{"line":29,"column":0},"end":{"line":29,"column":67}},"30":{"start":{"line":31,"column":0},"end":{"line":31,"column":26}},"31":{"start":{"line":32,"column":0},"end":{"line":32,"column":42}},"32":{"start":{"line":33,"column":0},"end":{"line":33,"column":28}},"34":{"start":{"line":35,"column":0},"end":{"line":35,"column":50}},"35":{"start":{"line":36,"column":0},"end":{"line":36,"column":24}},"37":{"start":{"line":38,"column":0},"end":{"line":38,"column":56}},"38":{"start":{"line":39,"column":0},"end":{"line":39,"column":49}},"39":{"start":{"line":40,"column":0},"end":{"line":40,"column":87}},"40":{"start":{"line":41,"column":0},"end":{"line":41,"column":5}},"42":{"start":{"line":43,"column":0},"end":{"line":43,"column":25}},"43":{"start":{"line":44,"column":0},"end":{"line":44,"column":3}},"45":{"start":{"line":46,"column":0},"end":{"line":46,"column":39}}},"s":{"0":0,"1":1,"2":1,"3":1,"4":1,"5":1,"6":1,"7":1,"8":1,"9":1,"10":1,"11":1,"12":1,"13":1,"14":1,"15":1,"16":1,"17":1,"18":1,"19":1,"23":1,"24":1,"27":1,"28":1,"30":1,"31":1,"32":1,"34":1,"35":1,"37":1,"38":0,"39":0,"40":0,"42":1,"43":1,"45":1},"branchMap":{"0":{"type":"branch","line":35,"loc":{"start":{"line":35,"column":37},"end":{"line":44,"column":3}},"locations":[{"start":{"line":35,"column":37},"end":{"line":44,"column":3}}]},"1":{"type":"branch","line":38,"loc":{"start":{"line":38,"column":8},"end":{"line":38,"column":33}},"locations":[{"start":{"line":38,"column":8},"end":{"line":38,"column":33}}]},"2":{"type":"branch","line":38,"loc":{"start":{"line":38,"column":23},"end":{"line":38,"column":55}},"locations":[{"start":{"line":38,"column":23},"end":{"line":38,"column":55}}]},"3":{"type":"branch","line":38,"loc":{"start":{"line":38,"column":55},"end":{"line":41,"column":5}},"locations":[{"start":{"line":38,"column":55},"end":{"line":41,"column":5}}]},"4":{"type":"branch","line":1,"loc":{"start":{"line":1,"column":0},"end":{"line":1,"column":10}},"locations":[{"start":{"line":1,"column":0},"end":{"line":1,"column":10}}]},"5":{"type":"branch","line":17,"loc":{"start":{"line":17,"column":72},"end":{"line":17,"column":125}},"locations":[{"start":{"line":17,"column":72},"end":{"line":17,"column":125}}]},"6":{"type":"branch","line":17,"loc":{"start":{"line":17,"column":115},"end":{"line":17,"column":125}},"locations":[{"start":{"line":17,"column":115},"end":{"line":17,"column":125}}]}},"b":{"0":[1],"1":[0],"2":[0],"3":[0],"4":[0],"5":[2],"6":[1]},"fnMap":{"0":{"name":"fetchCharacterDetailEvents","decl":{"start":{"line":35,"column":37},"end":{"line":44,"column":3}},"loc":{"start":{"line":35,"column":37},"end":{"line":44,"column":3}},"line":35}},"f":{"0":1}}
,"C:\\Users\\gguti\\Projects\\pandago-role-play\\src\\modules\\character-detail\\components\\MarvelCharacterDetailSeries.vue": {"path":"C:\\Users\\gguti\\Projects\\pandago-role-play\\src\\modules\\character-detail\\components\\MarvelCharacterDetailSeries.vue","all":false,"statementMap":{"0":{"start":{"line":1,"column":0},"end":{"line":1,"column":10}},"1":{"start":{"line":2,"column":0},"end":{"line":2,"column":28}},"2":{"start":{"line":3,"column":0},"end":{"line":3,"column":28}},"3":{"start":{"line":4,"column":0},"end":{"line":4,"column":23}},"4":{"start":{"line":5,"column":0},"end":{"line":5,"column":80}},"5":{"start":{"line":6,"column":0},"end":{"line":6,"column":83}},"6":{"start":{"line":7,"column":0},"end":{"line":7,"column":53}},"7":{"start":{"line":8,"column":0},"end":{"line":8,"column":63}},"8":{"start":{"line":9,"column":0},"end":{"line":9,"column":123}},"9":{"start":{"line":10,"column":0},"end":{"line":10,"column":28}},"10":{"start":{"line":11,"column":0},"end":{"line":11,"column":21}},"11":{"start":{"line":12,"column":0},"end":{"line":12,"column":36}},"12":{"start":{"line":13,"column":0},"end":{"line":13,"column":34}},"13":{"start":{"line":14,"column":0},"end":{"line":14,"column":65}},"14":{"start":{"line":15,"column":0},"end":{"line":15,"column":18}},"15":{"start":{"line":16,"column":0},"end":{"line":16,"column":22}},"16":{"start":{"line":17,"column":0},"end":{"line":17,"column":125}},"17":{"start":{"line":18,"column":0},"end":{"line":18,"column":14}},"18":{"start":{"line":19,"column":0},"end":{"line":19,"column":12}},"19":{"start":{"line":20,"column":0},"end":{"line":20,"column":16}},"23":{"start":{"line":24,"column":0},"end":{"line":24,"column":33}},"24":{"start":{"line":25,"column":0},"end":{"line":25,"column":39}},"27":{"start":{"line":28,"column":0},"end":{"line":28,"column":51}},"28":{"start":{"line":29,"column":0},"end":{"line":29,"column":67}},"30":{"start":{"line":31,"column":0},"end":{"line":31,"column":26}},"31":{"start":{"line":32,"column":0},"end":{"line":32,"column":42}},"32":{"start":{"line":33,"column":0},"end":{"line":33,"column":28}},"34":{"start":{"line":35,"column":0},"end":{"line":35,"column":50}},"35":{"start":{"line":36,"column":0},"end":{"line":36,"column":24}},"37":{"start":{"line":38,"column":0},"end":{"line":38,"column":56}},"38":{"start":{"line":39,"column":0},"end":{"line":39,"column":49}},"39":{"start":{"line":40,"column":0},"end":{"line":40,"column":87}},"40":{"start":{"line":41,"column":0},"end":{"line":41,"column":5}},"42":{"start":{"line":43,"column":0},"end":{"line":43,"column":25}},"43":{"start":{"line":44,"column":0},"end":{"line":44,"column":3}},"45":{"start":{"line":46,"column":0},"end":{"line":46,"column":39}}},"s":{"0":0,"1":1,"2":1,"3":1,"4":1,"5":1,"6":1,"7":1,"8":1,"9":1,"10":1,"11":1,"12":1,"13":1,"14":1,"15":1,"16":1,"17":1,"18":1,"19":1,"23":1,"24":1,"27":1,"28":1,"30":1,"31":1,"32":1,"34":1,"35":1,"37":1,"38":0,"39":0,"40":0,"42":1,"43":1,"45":1},"branchMap":{"0":{"type":"branch","line":35,"loc":{"start":{"line":35,"column":37},"end":{"line":44,"column":3}},"locations":[{"start":{"line":35,"column":37},"end":{"line":44,"column":3}}]},"1":{"type":"branch","line":38,"loc":{"start":{"line":38,"column":8},"end":{"line":38,"column":33}},"locations":[{"start":{"line":38,"column":8},"end":{"line":38,"column":33}}]},"2":{"type":"branch","line":38,"loc":{"start":{"line":38,"column":23},"end":{"line":38,"column":55}},"locations":[{"start":{"line":38,"column":23},"end":{"line":38,"column":55}}]},"3":{"type":"branch","line":38,"loc":{"start":{"line":38,"column":55},"end":{"line":41,"column":5}},"locations":[{"start":{"line":38,"column":55},"end":{"line":41,"column":5}}]},"4":{"type":"branch","line":1,"loc":{"start":{"line":1,"column":0},"end":{"line":1,"column":10}},"locations":[{"start":{"line":1,"column":0},"end":{"line":1,"column":10}}]},"5":{"type":"branch","line":17,"loc":{"start":{"line":17,"column":72},"end":{"line":17,"column":125}},"locations":[{"start":{"line":17,"column":72},"end":{"line":17,"column":125}}]},"6":{"type":"branch","line":17,"loc":{"start":{"line":17,"column":115},"end":{"line":17,"column":125}},"locations":[{"start":{"line":17,"column":115},"end":{"line":17,"column":125}}]}},"b":{"0":[1],"1":[0],"2":[0],"3":[0],"4":[0],"5":[2],"6":[1]},"fnMap":{"0":{"name":"fetchCharacterDetailSeries","decl":{"start":{"line":35,"column":37},"end":{"line":44,"column":3}},"loc":{"start":{"line":35,"column":37},"end":{"line":44,"column":3}},"line":35}},"f":{"0":1}}
,"C:\\Users\\gguti\\Projects\\pandago-role-play\\src\\modules\\character-detail\\components\\MarvelCharacterDetailStories.vue": {"path":"C:\\Users\\gguti\\Projects\\pandago-role-play\\src\\modules\\character-detail\\components\\MarvelCharacterDetailStories.vue","all":false,"statementMap":{"0":{"start":{"line":1,"column":0},"end":{"line":1,"column":10}},"1":{"start":{"line":2,"column":0},"end":{"line":2,"column":28}},"2":{"start":{"line":3,"column":0},"end":{"line":3,"column":28}},"3":{"start":{"line":4,"column":0},"end":{"line":4,"column":23}},"4":{"start":{"line":5,"column":0},"end":{"line":5,"column":81}},"5":{"start":{"line":6,"column":0},"end":{"line":6,"column":85}},"6":{"start":{"line":7,"column":0},"end":{"line":7,"column":82}},"7":{"start":{"line":8,"column":0},"end":{"line":8,"column":92}},"9":{"start":{"line":10,"column":0},"end":{"line":10,"column":104}},"11":{"start":{"line":12,"column":0},"end":{"line":12,"column":72}},"12":{"start":{"line":13,"column":0},"end":{"line":13,"column":26}},"13":{"start":{"line":14,"column":0},"end":{"line":14,"column":57}},"14":{"start":{"line":15,"column":0},"end":{"line":15,"column":35}},"15":{"start":{"line":16,"column":0},"end":{"line":16,"column":40}},"16":{"start":{"line":17,"column":0},"end":{"line":17,"column":37}},"17":{"start":{"line":18,"column":0},"end":{"line":18,"column":16}},"18":{"start":{"line":19,"column":0},"end":{"line":19,"column":21}},"19":{"start":{"line":20,"column":0},"end":{"line":20,"column":28}},"20":{"start":{"line":21,"column":0},"end":{"line":21,"column":21}},"21":{"start":{"line":22,"column":0},"end":{"line":22,"column":36}},"22":{"start":{"line":23,"column":0},"end":{"line":23,"column":34}},"23":{"start":{"line":24,"column":0},"end":{"line":24,"column":65}},"24":{"start":{"line":25,"column":0},"end":{"line":25,"column":18}},"25":{"start":{"line":26,"column":0},"end":{"line":26,"column":22}},"26":{"start":{"line":27,"column":0},"end":{"line":27,"column":110}},"27":{"start":{"line":28,"column":0},"end":{"line":28,"column":29}},"28":{"start":{"line":29,"column":0},"end":{"line":29,"column":14}},"29":{"start":{"line":30,"column":0},"end":{"line":30,"column":12}},"30":{"start":{"line":31,"column":0},"end":{"line":31,"column":16}},"34":{"start":{"line":35,"column":0},"end":{"line":35,"column":33}},"35":{"start":{"line":36,"column":0},"end":{"line":36,"column":39}},"38":{"start":{"line":39,"column":0},"end":{"line":39,"column":51}},"40":{"start":{"line":41,"column":0},"end":{"line":41,"column":26}},"41":{"start":{"line":42,"column":0},"end":{"line":42,"column":43}},"42":{"start":{"line":43,"column":0},"end":{"line":43,"column":28}},"44":{"start":{"line":45,"column":0},"end":{"line":45,"column":51}},"45":{"start":{"line":46,"column":0},"end":{"line":46,"column":24}},"47":{"start":{"line":48,"column":0},"end":{"line":48,"column":56}},"48":{"start":{"line":49,"column":0},"end":{"line":49,"column":49}},"49":{"start":{"line":50,"column":0},"end":{"line":50,"column":89}},"50":{"start":{"line":51,"column":0},"end":{"line":51,"column":5}},"52":{"start":{"line":53,"column":0},"end":{"line":53,"column":25}},"53":{"start":{"line":54,"column":0},"end":{"line":54,"column":3}},"55":{"start":{"line":56,"column":0},"end":{"line":56,"column":40}}},"s":{"0":0,"1":1,"2":1,"3":1,"4":1,"5":1,"6":1,"7":1,"9":1,"11":1,"12":1,"13":1,"14":1,"15":1,"16":1,"17":1,"18":1,"19":1,"20":1,"21":1,"22":1,"23":1,"24":1,"25":1,"26":1,"27":2,"28":1,"29":1,"30":1,"34":1,"35":1,"38":1,"40":1,"41":1,"42":1,"44":1,"45":1,"47":1,"48":0,"49":0,"50":0,"52":1,"53":1,"55":1},"branchMap":{"0":{"type":"branch","line":45,"loc":{"start":{"line":45,"column":38},"end":{"line":54,"column":3}},"locations":[{"start":{"line":45,"column":38},"end":{"line":54,"column":3}}]},"1":{"type":"branch","line":48,"loc":{"start":{"line":48,"column":8},"end":{"line":48,"column":33}},"locations":[{"start":{"line":48,"column":8},"end":{"line":48,"column":33}}]},"2":{"type":"branch","line":48,"loc":{"start":{"line":48,"column":23},"end":{"line":48,"column":55}},"locations":[{"start":{"line":48,"column":23},"end":{"line":48,"column":55}}]},"3":{"type":"branch","line":48,"loc":{"start":{"line":48,"column":55},"end":{"line":51,"column":5}},"locations":[{"start":{"line":48,"column":55},"end":{"line":51,"column":5}}]},"4":{"type":"branch","line":1,"loc":{"start":{"line":1,"column":0},"end":{"line":1,"column":10}},"locations":[{"start":{"line":1,"column":0},"end":{"line":1,"column":10}}]},"5":{"type":"branch","line":27,"loc":{"start":{"line":27,"column":74},"end":{"line":28,"column":29}},"locations":[{"start":{"line":27,"column":74},"end":{"line":28,"column":29}}]},"6":{"type":"branch","line":28,"loc":{"start":{"line":28,"column":19},"end":{"line":28,"column":29}},"locations":[{"start":{"line":28,"column":19},"end":{"line":28,"column":29}}]}},"b":{"0":[1],"1":[0],"2":[0],"3":[0],"4":[0],"5":[2],"6":[1]},"fnMap":{"0":{"name":"fetchCharacterDetailStories","decl":{"start":{"line":45,"column":38},"end":{"line":54,"column":3}},"loc":{"start":{"line":45,"column":38},"end":{"line":54,"column":3}},"line":45}},"f":{"0":1}}
,"C:\\Users\\gguti\\Projects\\pandago-role-play\\src\\modules\\character-detail\\models\\characters.ts": {"path":"C:\\Users\\gguti\\Projects\\pandago-role-play\\src\\modules\\character-detail\\models\\characters.ts","all":true,"statementMap":{},"s":{},"branchMap":{"0":{"type":"branch","line":1,"loc":{"start":{"line":1,"column":171},"end":{"line":8,"column":1}},"locations":[{"start":{"line":1,"column":171},"end":{"line":8,"column":1}}]}},"b":{"0":[1]},"fnMap":{"0":{"name":"(empty-report)","decl":{"start":{"line":1,"column":171},"end":{"line":8,"column":1}},"loc":{"start":{"line":1,"column":171},"end":{"line":8,"column":1}},"line":1}},"f":{"0":1}}
,"C:\\Users\\gguti\\Projects\\pandago-role-play\\src\\modules\\character-detail\\models\\comics.ts": {"path":"C:\\Users\\gguti\\Projects\\pandago-role-play\\src\\modules\\character-detail\\models\\comics.ts","all":true,"statementMap":{},"s":{},"branchMap":{"0":{"type":"branch","line":1,"loc":{"start":{"line":1,"column":221},"end":{"line":11,"column":1}},"locations":[{"start":{"line":1,"column":221},"end":{"line":11,"column":1}}]}},"b":{"0":[1]},"fnMap":{"0":{"name":"(empty-report)","decl":{"start":{"line":1,"column":221},"end":{"line":11,"column":1}},"loc":{"start":{"line":1,"column":221},"end":{"line":11,"column":1}},"line":1}},"f":{"0":1}}
,"C:\\Users\\gguti\\Projects\\pandago-role-play\\src\\modules\\character-detail\\models\\events.ts": {"path":"C:\\Users\\gguti\\Projects\\pandago-role-play\\src\\modules\\character-detail\\models\\events.ts","all":true,"statementMap":{},"s":{},"branchMap":{"0":{"type":"branch","line":1,"loc":{"start":{"line":1,"column":156},"end":{"line":7,"column":1}},"locations":[{"start":{"line":1,"column":156},"end":{"line":7,"column":1}}]}},"b":{"0":[1]},"fnMap":{"0":{"name":"(empty-report)","decl":{"start":{"line":1,"column":156},"end":{"line":7,"column":1}},"loc":{"start":{"line":1,"column":156},"end":{"line":7,"column":1}},"line":1}},"f":{"0":1}}
,"C:\\Users\\gguti\\Projects\\pandago-role-play\\src\\modules\\character-detail\\models\\series.ts": {"path":"C:\\Users\\gguti\\Projects\\pandago-role-play\\src\\modules\\character-detail\\models\\series.ts","all":true,"statementMap":{},"s":{},"branchMap":{"0":{"type":"branch","line":1,"loc":{"start":{"line":1,"column":156},"end":{"line":7,"column":1}},"locations":[{"start":{"line":1,"column":156},"end":{"line":7,"column":1}}]}},"b":{"0":[1]},"fnMap":{"0":{"name":"(empty-report)","decl":{"start":{"line":1,"column":156},"end":{"line":7,"column":1}},"loc":{"start":{"line":1,"column":156},"end":{"line":7,"column":1}},"line":1}},"f":{"0":1}}
,"C:\\Users\\gguti\\Projects\\pandago-role-play\\src\\modules\\character-detail\\models\\stories.ts": {"path":"C:\\Users\\gguti\\Projects\\pandago-role-play\\src\\modules\\character-detail\\models\\stories.ts","all":true,"statementMap":{},"s":{},"branchMap":{"0":{"type":"branch","line":1,"loc":{"start":{"line":1,"column":175},"end":{"line":12,"column":1}},"locations":[{"start":{"line":1,"column":175},"end":{"line":12,"column":1}}]}},"b":{"0":[1]},"fnMap":{"0":{"name":"(empty-report)","decl":{"start":{"line":1,"column":175},"end":{"line":12,"column":1}},"loc":{"start":{"line":1,"column":175},"end":{"line":12,"column":1}},"line":1}},"f":{"0":1}}
,"C:\\Users\\gguti\\Projects\\pandago-role-play\\src\\modules\\character-detail\\services\\character.ts": {"path":"C:\\Users\\gguti\\Projects\\pandago-role-play\\src\\modules\\character-detail\\services\\character.ts","all":false,"statementMap":{"0":{"start":{"line":1,"column":0},"end":{"line":1,"column":25}},"1":{"start":{"line":2,"column":0},"end":{"line":2,"column":71}},"3":{"start":{"line":4,"column":0},"end":{"line":4,"column":55}},"5":{"start":{"line":6,"column":0},"end":{"line":6,"column":66}},"6":{"start":{"line":7,"column":0},"end":{"line":7,"column":76}},"8":{"start":{"line":9,"column":0},"end":{"line":9,"column":7}},"9":{"start":{"line":10,"column":0},"end":{"line":10,"column":41}},"11":{"start":{"line":12,"column":0},"end":{"line":12,"column":40}},"12":{"start":{"line":13,"column":0},"end":{"line":13,"column":19}},"13":{"start":{"line":14,"column":0},"end":{"line":14,"column":61}},"14":{"start":{"line":15,"column":0},"end":{"line":15,"column":15}},"15":{"start":{"line":16,"column":0},"end":{"line":16,"column":3}},"16":{"start":{"line":17,"column":0},"end":{"line":17,"column":1}},"18":{"start":{"line":19,"column":0},"end":{"line":19,"column":72}},"19":{"start":{"line":20,"column":0},"end":{"line":20,"column":83}},"21":{"start":{"line":22,"column":0},"end":{"line":22,"column":7}},"22":{"start":{"line":23,"column":0},"end":{"line":23,"column":41}},"24":{"start":{"line":25,"column":0},"end":{"line":25,"column":37}},"25":{"start":{"line":26,"column":0},"end":{"line":26,"column":19}},"26":{"start":{"line":27,"column":0},"end":{"line":27,"column":60}},"27":{"start":{"line":28,"column":0},"end":{"line":28,"column":15}},"28":{"start":{"line":29,"column":0},"end":{"line":29,"column":3}},"29":{"start":{"line":30,"column":0},"end":{"line":30,"column":1}},"31":{"start":{"line":32,"column":0},"end":{"line":32,"column":72}},"32":{"start":{"line":33,"column":0},"end":{"line":33,"column":83}},"34":{"start":{"line":35,"column":0},"end":{"line":35,"column":7}},"35":{"start":{"line":36,"column":0},"end":{"line":36,"column":41}},"37":{"start":{"line":38,"column":0},"end":{"line":38,"column":37}},"38":{"start":{"line":39,"column":0},"end":{"line":39,"column":19}},"39":{"start":{"line":40,"column":0},"end":{"line":40,"column":60}},"40":{"start":{"line":41,"column":0},"end":{"line":41,"column":15}},"41":{"start":{"line":42,"column":0},"end":{"line":42,"column":3}},"42":{"start":{"line":43,"column":0},"end":{"line":43,"column":1}},"44":{"start":{"line":45,"column":0},"end":{"line":45,"column":72}},"45":{"start":{"line":46,"column":0},"end":{"line":46,"column":83}},"47":{"start":{"line":48,"column":0},"end":{"line":48,"column":7}},"48":{"start":{"line":49,"column":0},"end":{"line":49,"column":41}},"50":{"start":{"line":51,"column":0},"end":{"line":51,"column":37}},"51":{"start":{"line":52,"column":0},"end":{"line":52,"column":19}},"52":{"start":{"line":53,"column":0},"end":{"line":53,"column":60}},"53":{"start":{"line":54,"column":0},"end":{"line":54,"column":15}},"54":{"start":{"line":55,"column":0},"end":{"line":55,"column":3}},"55":{"start":{"line":56,"column":0},"end":{"line":56,"column":1}},"57":{"start":{"line":58,"column":0},"end":{"line":58,"column":73}},"58":{"start":{"line":59,"column":0},"end":{"line":59,"column":84}},"60":{"start":{"line":61,"column":0},"end":{"line":61,"column":7}},"61":{"start":{"line":62,"column":0},"end":{"line":62,"column":41}},"63":{"start":{"line":64,"column":0},"end":{"line":64,"column":37}},"64":{"start":{"line":65,"column":0},"end":{"line":65,"column":19}},"65":{"start":{"line":66,"column":0},"end":{"line":66,"column":61}},"66":{"start":{"line":67,"column":0},"end":{"line":67,"column":15}},"67":{"start":{"line":68,"column":0},"end":{"line":68,"column":3}},"68":{"start":{"line":69,"column":0},"end":{"line":69,"column":1}},"70":{"start":{"line":71,"column":0},"end":{"line":71,"column":16}},"71":{"start":{"line":72,"column":0},"end":{"line":72,"column":21}},"72":{"start":{"line":73,"column":0},"end":{"line":73,"column":27}},"73":{"start":{"line":74,"column":0},"end":{"line":74,"column":27}},"74":{"start":{"line":75,"column":0},"end":{"line":75,"column":27}},"75":{"start":{"line":76,"column":0},"end":{"line":76,"column":28}},"76":{"start":{"line":77,"column":0},"end":{"line":77,"column":1}}},"s":{"0":1,"1":1,"3":1,"5":1,"6":0,"8":0,"9":0,"11":0,"12":0,"13":0,"14":0,"15":0,"16":0,"18":1,"19":0,"21":0,"22":0,"24":0,"25":0,"26":0,"27":0,"28":0,"29":0,"31":1,"32":0,"34":0,"35":0,"37":0,"38":0,"39":0,"40":0,"41":0,"42":0,"44":1,"45":0,"47":0,"48":0,"50":0,"51":0,"52":0,"53":0,"54":0,"55":0,"57":1,"58":0,"60":0,"61":0,"63":0,"64":0,"65":0,"66":0,"67":0,"68":0,"70":1,"71":1,"72":1,"73":1,"74":1,"75":1,"76":1},"branchMap":{},"b":{},"fnMap":{"0":{"name":"getCharacterDetail","decl":{"start":{"line":6,"column":34},"end":{"line":17,"column":1}},"loc":{"start":{"line":6,"column":34},"end":{"line":17,"column":1}},"line":6},"1":{"name":"getCharacterDetailComics","decl":{"start":{"line":19,"column":40},"end":{"line":30,"column":1}},"loc":{"start":{"line":19,"column":40},"end":{"line":30,"column":1}},"line":19},"2":{"name":"getCharacterDetailSeries","decl":{"start":{"line":32,"column":40},"end":{"line":43,"column":1}},"loc":{"start":{"line":32,"column":40},"end":{"line":43,"column":1}},"line":32},"3":{"name":"getCharacterDetailEvents","decl":{"start":{"line":45,"column":40},"end":{"line":56,"column":1}},"loc":{"start":{"line":45,"column":40},"end":{"line":56,"column":1}},"line":45},"4":{"name":"getCharacterDetailStories","decl":{"start":{"line":58,"column":41},"end":{"line":69,"column":1}},"loc":{"start":{"line":58,"column":41},"end":{"line":69,"column":1}},"line":58}},"f":{"0":0,"1":0,"2":0,"3":0,"4":0}}
,"C:\\Users\\gguti\\Projects\\pandago-role-play\\src\\modules\\characters\\components\\MarvelCharacterCard.vue": {"path":"C:\\Users\\gguti\\Projects\\pandago-role-play\\src\\modules\\characters\\components\\MarvelCharacterCard.vue","all":false,"statementMap":{"0":{"start":{"line":1,"column":0},"end":{"line":1,"column":10}},"1":{"start":{"line":2,"column":0},"end":{"line":2,"column":42}},"2":{"start":{"line":3,"column":0},"end":{"line":3,"column":10}},"3":{"start":{"line":4,"column":0},"end":{"line":4,"column":27}},"4":{"start":{"line":5,"column":0},"end":{"line":5,"column":11}},"5":{"start":{"line":6,"column":0},"end":{"line":6,"column":20}},"6":{"start":{"line":7,"column":0},"end":{"line":7,"column":55}},"7":{"start":{"line":8,"column":0},"end":{"line":8,"column":6}},"9":{"start":{"line":10,"column":0},"end":{"line":10,"column":18}},"10":{"start":{"line":11,"column":0},"end":{"line":11,"column":26}},"11":{"start":{"line":12,"column":0},"end":{"line":12,"column":19}},"13":{"start":{"line":14,"column":0},"end":{"line":14,"column":20}},"14":{"start":{"line":15,"column":0},"end":{"line":15,"column":84}},"16":{"start":{"line":17,"column":0},"end":{"line":17,"column":18}},"18":{"start":{"line":19,"column":0},"end":{"line":19,"column":90}},"19":{"start":{"line":20,"column":0},"end":{"line":20,"column":21}},"21":{"start":{"line":22,"column":0},"end":{"line":22,"column":25}},"22":{"start":{"line":23,"column":0},"end":{"line":23,"column":25}},"23":{"start":{"line":24,"column":0},"end":{"line":24,"column":21}},"25":{"start":{"line":26,"column":0},"end":{"line":26,"column":21}},"26":{"start":{"line":27,"column":0},"end":{"line":27,"column":83}},"27":{"start":{"line":28,"column":0},"end":{"line":28,"column":12}},"28":{"start":{"line":29,"column":0},"end":{"line":29,"column":26}},"29":{"start":{"line":30,"column":0},"end":{"line":30,"column":11}},"33":{"start":{"line":34,"column":0},"end":{"line":34,"column":67}},"35":{"start":{"line":36,"column":0},"end":{"line":36,"column":25}},"36":{"start":{"line":37,"column":0},"end":{"line":37,"column":28}},"38":{"start":{"line":39,"column":0},"end":{"line":39,"column":29}},"46":{"start":{"line":47,"column":0},"end":{"line":47,"column":37}},"47":{"start":{"line":48,"column":0},"end":{"line":48,"column":48}},"48":{"start":{"line":49,"column":0},"end":{"line":49,"column":53}},"49":{"start":{"line":50,"column":0},"end":{"line":50,"column":12}},"50":{"start":{"line":51,"column":0},"end":{"line":51,"column":59}},"51":{"start":{"line":52,"column":0},"end":{"line":52,"column":5}},"52":{"start":{"line":53,"column":0},"end":{"line":53,"column":3}}},"s":{"0":1,"1":1,"2":1,"3":1,"4":1,"5":1,"6":1,"7":1,"9":1,"10":1,"11":1,"13":1,"14":1,"16":1,"18":1,"19":1,"21":1,"22":1,"23":1,"25":1,"26":1,"27":1,"28":1,"29":1,"33":1,"35":1,"36":1,"38":1,"46":1,"47":0,"48":0,"49":0,"50":0,"51":0,"52":0},"branchMap":{"0":{"type":"branch","line":19,"loc":{"start":{"line":19,"column":20},"end":{"line":19,"column":67}},"locations":[{"start":{"line":19,"column":20},"end":{"line":19,"column":67}}]},"1":{"type":"branch","line":27,"loc":{"start":{"line":27,"column":10},"end":{"line":27,"column":68}},"locations":[{"start":{"line":27,"column":10},"end":{"line":27,"column":68}}]}},"b":{"0":[0],"1":[1]},"fnMap":{"0":{"name":"goToCharacterDetail","decl":{"start":{"line":47,"column":30},"end":{"line":53,"column":3}},"loc":{"start":{"line":47,"column":30},"end":{"line":53,"column":3}},"line":47},"1":{"name":"__vite_ssr_import_4__.createVNode.onClick._cache.<computed>._cache.<computed>","decl":{"start":{"line":19,"column":72},"end":{"line":19,"column":90}},"loc":{"start":{"line":19,"column":72},"end":{"line":19,"column":90}},"line":19}},"f":{"0":0,"1":0}}
,"C:\\Users\\gguti\\Projects\\pandago-role-play\\src\\modules\\characters\\components\\MarvelCharactersList.vue": {"path":"C:\\Users\\gguti\\Projects\\pandago-role-play\\src\\modules\\characters\\components\\MarvelCharactersList.vue","all":false,"statementMap":{"0":{"start":{"line":1,"column":0},"end":{"line":1,"column":10}},"1":{"start":{"line":2,"column":0},"end":{"line":2,"column":9}},"2":{"start":{"line":3,"column":0},"end":{"line":3,"column":17}},"3":{"start":{"line":4,"column":0},"end":{"line":4,"column":43}},"4":{"start":{"line":5,"column":0},"end":{"line":5,"column":14}},"5":{"start":{"line":6,"column":0},"end":{"line":6,"column":19}},"6":{"start":{"line":7,"column":0},"end":{"line":7,"column":16}},"7":{"start":{"line":8,"column":0},"end":{"line":8,"column":17}},"9":{"start":{"line":10,"column":0},"end":{"line":10,"column":23}},"10":{"start":{"line":11,"column":0},"end":{"line":11,"column":37}},"11":{"start":{"line":12,"column":0},"end":{"line":12,"column":21}},"12":{"start":{"line":13,"column":0},"end":{"line":13,"column":50}},"13":{"start":{"line":14,"column":0},"end":{"line":14,"column":36}},"14":{"start":{"line":15,"column":0},"end":{"line":15,"column":44}},"15":{"start":{"line":16,"column":0},"end":{"line":16,"column":12}},"16":{"start":{"line":17,"column":0},"end":{"line":17,"column":16}},"17":{"start":{"line":18,"column":0},"end":{"line":18,"column":14}},"18":{"start":{"line":19,"column":0},"end":{"line":19,"column":19}},"19":{"start":{"line":20,"column":0},"end":{"line":20,"column":16}},"20":{"start":{"line":21,"column":0},"end":{"line":21,"column":17}},"22":{"start":{"line":23,"column":0},"end":{"line":23,"column":19}},"23":{"start":{"line":24,"column":0},"end":{"line":24,"column":36}},"24":{"start":{"line":25,"column":0},"end":{"line":25,"column":21}},"25":{"start":{"line":26,"column":0},"end":{"line":26,"column":38}},"26":{"start":{"line":27,"column":0},"end":{"line":27,"column":30}},"27":{"start":{"line":28,"column":0},"end":{"line":28,"column":27}},"28":{"start":{"line":29,"column":0},"end":{"line":29,"column":34}},"29":{"start":{"line":30,"column":0},"end":{"line":30,"column":26}},"30":{"start":{"line":31,"column":0},"end":{"line":31,"column":43}},"31":{"start":{"line":32,"column":0},"end":{"line":32,"column":12}},"32":{"start":{"line":33,"column":0},"end":{"line":33,"column":16}},"33":{"start":{"line":34,"column":0},"end":{"line":34,"column":14}},"34":{"start":{"line":35,"column":0},"end":{"line":35,"column":19}},"35":{"start":{"line":36,"column":0},"end":{"line":36,"column":16}},"36":{"start":{"line":37,"column":0},"end":{"line":37,"column":17}},"38":{"start":{"line":39,"column":0},"end":{"line":39,"column":19}},"39":{"start":{"line":40,"column":0},"end":{"line":40,"column":36}},"40":{"start":{"line":41,"column":0},"end":{"line":41,"column":21}},"41":{"start":{"line":42,"column":0},"end":{"line":42,"column":38}},"42":{"start":{"line":43,"column":0},"end":{"line":43,"column":30}},"43":{"start":{"line":44,"column":0},"end":{"line":44,"column":27}},"44":{"start":{"line":45,"column":0},"end":{"line":45,"column":34}},"45":{"start":{"line":46,"column":0},"end":{"line":46,"column":26}},"46":{"start":{"line":47,"column":0},"end":{"line":47,"column":43}},"47":{"start":{"line":48,"column":0},"end":{"line":48,"column":12}},"48":{"start":{"line":49,"column":0},"end":{"line":49,"column":16}},"49":{"start":{"line":50,"column":0},"end":{"line":50,"column":14}},"50":{"start":{"line":51,"column":0},"end":{"line":51,"column":18}},"52":{"start":{"line":53,"column":0},"end":{"line":53,"column":38}},"53":{"start":{"line":54,"column":0},"end":{"line":54,"column":13}},"54":{"start":{"line":55,"column":0},"end":{"line":55,"column":14}},"55":{"start":{"line":56,"column":0},"end":{"line":56,"column":44}},"56":{"start":{"line":57,"column":0},"end":{"line":57,"column":26}},"57":{"start":{"line":58,"column":0},"end":{"line":58,"column":19}},"58":{"start":{"line":59,"column":0},"end":{"line":59,"column":16}},"59":{"start":{"line":60,"column":0},"end":{"line":60,"column":16}},"60":{"start":{"line":61,"column":0},"end":{"line":61,"column":16}},"62":{"start":{"line":63,"column":0},"end":{"line":63,"column":92}},"63":{"start":{"line":64,"column":0},"end":{"line":64,"column":16}},"64":{"start":{"line":65,"column":0},"end":{"line":65,"column":14}},"65":{"start":{"line":66,"column":0},"end":{"line":66,"column":18}},"67":{"start":{"line":68,"column":0},"end":{"line":68,"column":28}},"68":{"start":{"line":69,"column":0},"end":{"line":69,"column":23}},"69":{"start":{"line":70,"column":0},"end":{"line":70,"column":130}},"70":{"start":{"line":71,"column":0},"end":{"line":71,"column":14}},"71":{"start":{"line":72,"column":0},"end":{"line":72,"column":12}},"73":{"start":{"line":74,"column":0},"end":{"line":74,"column":48}},"74":{"start":{"line":75,"column":0},"end":{"line":75,"column":13}},"75":{"start":{"line":76,"column":0},"end":{"line":76,"column":14}},"76":{"start":{"line":77,"column":0},"end":{"line":77,"column":41}},"77":{"start":{"line":78,"column":0},"end":{"line":78,"column":29}},"78":{"start":{"line":79,"column":0},"end":{"line":79,"column":19}},"79":{"start":{"line":80,"column":0},"end":{"line":80,"column":16}},"80":{"start":{"line":81,"column":0},"end":{"line":81,"column":16}},"81":{"start":{"line":82,"column":0},"end":{"line":82,"column":16}},"83":{"start":{"line":84,"column":0},"end":{"line":84,"column":56}},"84":{"start":{"line":85,"column":0},"end":{"line":85,"column":16}},"85":{"start":{"line":86,"column":0},"end":{"line":86,"column":14}},"86":{"start":{"line":87,"column":0},"end":{"line":87,"column":18}},"88":{"start":{"line":89,"column":0},"end":{"line":89,"column":14}},"89":{"start":{"line":90,"column":0},"end":{"line":90,"column":41}},"90":{"start":{"line":91,"column":0},"end":{"line":91,"column":28}},"92":{"start":{"line":93,"column":0},"end":{"line":93,"column":26}},"93":{"start":{"line":94,"column":0},"end":{"line":94,"column":23}},"94":{"start":{"line":95,"column":0},"end":{"line":95,"column":21}},"95":{"start":{"line":96,"column":0},"end":{"line":96,"column":17}},"96":{"start":{"line":97,"column":0},"end":{"line":97,"column":8}},"97":{"start":{"line":98,"column":0},"end":{"line":98,"column":16}},"99":{"start":{"line":100,"column":0},"end":{"line":100,"column":29}},"100":{"start":{"line":101,"column":0},"end":{"line":101,"column":19}},"101":{"start":{"line":102,"column":0},"end":{"line":102,"column":32}},"102":{"start":{"line":103,"column":0},"end":{"line":103,"column":26}},"103":{"start":{"line":104,"column":0},"end":{"line":104,"column":43}},"104":{"start":{"line":105,"column":0},"end":{"line":105,"column":27}},"105":{"start":{"line":106,"column":0},"end":{"line":106,"column":37}},"106":{"start":{"line":107,"column":0},"end":{"line":107,"column":28}},"107":{"start":{"line":108,"column":0},"end":{"line":108,"column":36}},"108":{"start":{"line":109,"column":0},"end":{"line":109,"column":16}},"109":{"start":{"line":110,"column":0},"end":{"line":110,"column":26}},"110":{"start":{"line":111,"column":0},"end":{"line":111,"column":18}},"111":{"start":{"line":112,"column":0},"end":{"line":112,"column":16}},"112":{"start":{"line":113,"column":0},"end":{"line":113,"column":20}},"113":{"start":{"line":114,"column":0},"end":{"line":114,"column":10}},"114":{"start":{"line":115,"column":0},"end":{"line":115,"column":10}},"118":{"start":{"line":119,"column":0},"end":{"line":119,"column":33}},"119":{"start":{"line":120,"column":0},"end":{"line":120,"column":40}},"121":{"start":{"line":122,"column":0},"end":{"line":122,"column":52}},"122":{"start":{"line":123,"column":0},"end":{"line":123,"column":65}},"125":{"start":{"line":126,"column":0},"end":{"line":126,"column":61}},"127":{"start":{"line":128,"column":0},"end":{"line":128,"column":41}},"128":{"start":{"line":129,"column":0},"end":{"line":129,"column":48}},"129":{"start":{"line":130,"column":0},"end":{"line":130,"column":28}},"130":{"start":{"line":131,"column":0},"end":{"line":131,"column":27}},"131":{"start":{"line":132,"column":0},"end":{"line":132,"column":18}},"132":{"start":{"line":133,"column":0},"end":{"line":133,"column":28}},"133":{"start":{"line":134,"column":0},"end":{"line":134,"column":35}},"134":{"start":{"line":135,"column":0},"end":{"line":135,"column":30}},"135":{"start":{"line":136,"column":0},"end":{"line":136,"column":30}},"136":{"start":{"line":137,"column":0},"end":{"line":137,"column":31}},"137":{"start":{"line":138,"column":0},"end":{"line":138,"column":31}},"140":{"start":{"line":141,"column":0},"end":{"line":141,"column":39}},"141":{"start":{"line":142,"column":0},"end":{"line":142,"column":24}},"143":{"start":{"line":144,"column":0},"end":{"line":144,"column":50}},"144":{"start":{"line":145,"column":0},"end":{"line":145,"column":60}},"145":{"start":{"line":146,"column":0},"end":{"line":146,"column":13}},"146":{"start":{"line":147,"column":0},"end":{"line":147,"column":12}},"147":{"start":{"line":148,"column":0},"end":{"line":148,"column":28}},"148":{"start":{"line":149,"column":0},"end":{"line":149,"column":27}},"149":{"start":{"line":150,"column":0},"end":{"line":150,"column":27}},"150":{"start":{"line":151,"column":0},"end":{"line":151,"column":5}},"151":{"start":{"line":152,"column":0},"end":{"line":152,"column":42}},"152":{"start":{"line":153,"column":0},"end":{"line":153,"column":44}},"153":{"start":{"line":154,"column":0},"end":{"line":154,"column":25}},"154":{"start":{"line":155,"column":0},"end":{"line":155,"column":3}},"156":{"start":{"line":157,"column":0},"end":{"line":157,"column":35}},"157":{"start":{"line":158,"column":0},"end":{"line":158,"column":59}},"158":{"start":{"line":159,"column":0},"end":{"line":159,"column":35}},"159":{"start":{"line":160,"column":0},"end":{"line":160,"column":3}},"161":{"start":{"line":162,"column":0},"end":{"line":162,"column":35}},"162":{"start":{"line":163,"column":0},"end":{"line":163,"column":59}},"163":{"start":{"line":164,"column":0},"end":{"line":164,"column":35}},"164":{"start":{"line":165,"column":0},"end":{"line":165,"column":3}},"166":{"start":{"line":167,"column":0},"end":{"line":167,"column":31}},"167":{"start":{"line":168,"column":0},"end":{"line":168,"column":21}},"168":{"start":{"line":169,"column":0},"end":{"line":169,"column":17}},"169":{"start":{"line":170,"column":0},"end":{"line":170,"column":17}},"170":{"start":{"line":171,"column":0},"end":{"line":171,"column":3}},"177":{"start":{"line":178,"column":0},"end":{"line":178,"column":65}},"179":{"start":{"line":180,"column":0},"end":{"line":180,"column":26}},"180":{"start":{"line":181,"column":0},"end":{"line":181,"column":50}},"181":{"start":{"line":182,"column":0},"end":{"line":182,"column":71}}},"s":{"0":1,"1":1,"2":1,"3":1,"4":1,"5":1,"6":1,"7":1,"9":1,"10":1,"11":1,"12":1,"13":1,"14":1,"15":1,"16":1,"17":1,"18":1,"19":1,"20":1,"22":1,"23":1,"24":1,"25":1,"26":1,"27":1,"28":1,"29":1,"30":1,"31":1,"32":1,"33":1,"34":1,"35":1,"36":1,"38":1,"39":1,"40":1,"41":1,"42":1,"43":1,"44":1,"45":1,"46":1,"47":1,"48":1,"49":1,"50":1,"52":1,"53":1,"54":1,"55":1,"56":1,"57":1,"58":1,"59":1,"60":1,"62":1,"63":1,"64":1,"65":1,"67":1,"68":1,"69":1,"70":1,"71":1,"73":1,"74":1,"75":1,"76":1,"77":1,"78":1,"79":1,"80":1,"81":1,"83":1,"84":1,"85":1,"86":1,"88":1,"89":1,"90":1,"92":1,"93":1,"94":1,"95":1,"96":1,"97":1,"99":1,"100":1,"101":1,"102":1,"103":1,"104":1,"105":1,"106":1,"107":1,"108":1,"109":1,"110":1,"111":1,"112":1,"113":1,"114":1,"118":1,"119":1,"121":1,"122":1,"125":1,"127":1,"128":1,"129":1,"130":1,"131":1,"132":1,"133":1,"134":1,"135":1,"136":1,"137":1,"140":1,"141":1,"143":1,"144":1,"145":1,"146":1,"147":1,"148":1,"149":1,"150":1,"151":0,"152":0,"153":0,"154":1,"156":1,"157":1,"158":0,"159":1,"161":1,"162":1,"163":0,"164":1,"166":1,"167":1,"168":1,"169":1,"170":1,"177":1,"179":1,"180":1,"181":1},"branchMap":{"0":{"type":"branch","line":141,"loc":{"start":{"line":141,"column":26},"end":{"line":155,"column":3}},"locations":[{"start":{"line":141,"column":26},"end":{"line":155,"column":3}}]},"1":{"type":"branch","line":151,"loc":{"start":{"line":151,"column":4},"end":{"line":154,"column":25}},"locations":[{"start":{"line":151,"column":4},"end":{"line":154,"column":25}}]},"2":{"type":"branch","line":157,"loc":{"start":{"line":157,"column":22},"end":{"line":160,"column":3}},"locations":[{"start":{"line":157,"column":22},"end":{"line":160,"column":3}}]},"3":{"type":"branch","line":158,"loc":{"start":{"line":158,"column":58},"end":{"line":159,"column":35}},"locations":[{"start":{"line":158,"column":58},"end":{"line":159,"column":35}}]},"4":{"type":"branch","line":162,"loc":{"start":{"line":162,"column":22},"end":{"line":165,"column":3}},"locations":[{"start":{"line":162,"column":22},"end":{"line":165,"column":3}}]},"5":{"type":"branch","line":163,"loc":{"start":{"line":163,"column":58},"end":{"line":164,"column":35}},"locations":[{"start":{"line":163,"column":58},"end":{"line":164,"column":35}}]},"6":{"type":"branch","line":167,"loc":{"start":{"line":167,"column":24},"end":{"line":171,"column":3}},"locations":[{"start":{"line":167,"column":24},"end":{"line":171,"column":3}}]},"7":{"type":"branch","line":1,"loc":{"start":{"line":1,"column":0},"end":{"line":1,"column":10}},"locations":[{"start":{"line":1,"column":0},"end":{"line":1,"column":10}}]},"8":{"type":"branch","line":11,"loc":{"start":{"line":11,"column":21},"end":{"line":11,"column":37}},"locations":[{"start":{"line":11,"column":21},"end":{"line":11,"column":37}}]},"9":{"type":"branch","line":24,"loc":{"start":{"line":24,"column":21},"end":{"line":24,"column":36}},"locations":[{"start":{"line":24,"column":21},"end":{"line":24,"column":36}}]},"10":{"type":"branch","line":40,"loc":{"start":{"line":40,"column":21},"end":{"line":40,"column":36}},"locations":[{"start":{"line":40,"column":21},"end":{"line":40,"column":36}}]},"11":{"type":"branch","line":1,"loc":{"start":{"line":1,"column":0},"end":{"line":1,"column":10}},"locations":[{"start":{"line":1,"column":0},"end":{"line":1,"column":10}}]},"12":{"type":"branch","line":70,"loc":{"start":{"line":70,"column":67},"end":{"line":70,"column":130}},"locations":[{"start":{"line":70,"column":67},"end":{"line":70,"column":130}}]},"13":{"type":"branch","line":106,"loc":{"start":{"line":106,"column":25},"end":{"line":106,"column":37}},"locations":[{"start":{"line":106,"column":25},"end":{"line":106,"column":37}}]}},"b":{"0":[1],"1":[0],"2":[1],"3":[0],"4":[1],"5":[0],"6":[1],"7":[1],"8":[1],"9":[1],"10":[1],"11":[1],"12":[1],"13":[1]},"fnMap":{"0":{"name":"fetchCharacters","decl":{"start":{"line":141,"column":26},"end":{"line":155,"column":3}},"loc":{"start":{"line":141,"column":26},"end":{"line":155,"column":3}},"line":141},"1":{"name":"fetchSeries","decl":{"start":{"line":157,"column":22},"end":{"line":160,"column":3}},"loc":{"start":{"line":157,"column":22},"end":{"line":160,"column":3}},"line":157},"2":{"name":"fetchComics","decl":{"start":{"line":162,"column":22},"end":{"line":165,"column":3}},"loc":{"start":{"line":162,"column":22},"end":{"line":165,"column":3}},"line":162},"3":{"name":"initfetchData","decl":{"start":{"line":167,"column":24},"end":{"line":171,"column":3}},"loc":{"start":{"line":167,"column":24},"end":{"line":171,"column":3}},"line":167},"4":{"name":"__vite_ssr_import_7__.createVNode.onUpdate:modelValue._cache.<computed>._cache.<computed>","decl":{"start":{"line":11,"column":21},"end":{"line":11,"column":37}},"loc":{"start":{"line":11,"column":21},"end":{"line":11,"column":37}},"line":11},"5":{"name":"__vite_ssr_import_7__.createVNode.onUpdate:modelValue._cache.<computed>._cache.<computed>","decl":{"start":{"line":24,"column":21},"end":{"line":24,"column":36}},"loc":{"start":{"line":24,"column":21},"end":{"line":24,"column":36}},"line":24},"6":{"name":"__vite_ssr_import_7__.createVNode.onUpdate:modelValue._cache.<computed>._cache.<computed>","decl":{"start":{"line":40,"column":21},"end":{"line":40,"column":36}},"loc":{"start":{"line":40,"column":21},"end":{"line":40,"column":36}},"line":40},"7":{"name":"__vite_ssr_import_7__.createVNode.onUpdate:modelValue._cache.<computed>._cache.<computed>","decl":{"start":{"line":106,"column":25},"end":{"line":106,"column":37}},"loc":{"start":{"line":106,"column":25},"end":{"line":106,"column":37}},"line":106}},"f":{"0":1,"1":1,"2":1,"3":1,"4":0,"5":0,"6":0,"7":0}}
,"C:\\Users\\gguti\\Projects\\pandago-role-play\\src\\modules\\characters\\models\\characters.ts": {"path":"C:\\Users\\gguti\\Projects\\pandago-role-play\\src\\modules\\characters\\models\\characters.ts","all":true,"statementMap":{},"s":{},"branchMap":{"0":{"type":"branch","line":1,"loc":{"start":{"line":1,"column":241},"end":{"line":14,"column":1}},"locations":[{"start":{"line":1,"column":241},"end":{"line":14,"column":1}}]}},"b":{"0":[1]},"fnMap":{"0":{"name":"(empty-report)","decl":{"start":{"line":1,"column":241},"end":{"line":14,"column":1}},"loc":{"start":{"line":1,"column":241},"end":{"line":14,"column":1}},"line":1}},"f":{"0":1}}
,"C:\\Users\\gguti\\Projects\\pandago-role-play\\src\\modules\\characters\\services\\characters.ts": {"path":"C:\\Users\\gguti\\Projects\\pandago-role-play\\src\\modules\\characters\\services\\characters.ts","all":false,"statementMap":{"0":{"start":{"line":1,"column":0},"end":{"line":1,"column":25}},"2":{"start":{"line":3,"column":0},"end":{"line":3,"column":71}},"4":{"start":{"line":5,"column":0},"end":{"line":5,"column":55}},"6":{"start":{"line":7,"column":0},"end":{"line":7,"column":127}},"7":{"start":{"line":8,"column":0},"end":{"line":8,"column":91}},"9":{"start":{"line":10,"column":0},"end":{"line":10,"column":23}},"10":{"start":{"line":11,"column":0},"end":{"line":11,"column":51}},"11":{"start":{"line":12,"column":0},"end":{"line":12,"column":3}},"13":{"start":{"line":14,"column":0},"end":{"line":14,"column":15}},"14":{"start":{"line":15,"column":0},"end":{"line":15,"column":35}},"15":{"start":{"line":16,"column":0},"end":{"line":16,"column":3}},"17":{"start":{"line":18,"column":0},"end":{"line":18,"column":15}},"18":{"start":{"line":19,"column":0},"end":{"line":19,"column":35}},"19":{"start":{"line":20,"column":0},"end":{"line":20,"column":3}},"21":{"start":{"line":22,"column":0},"end":{"line":22,"column":7}},"22":{"start":{"line":23,"column":0},"end":{"line":23,"column":41}},"23":{"start":{"line":24,"column":0},"end":{"line":24,"column":29}},"24":{"start":{"line":25,"column":0},"end":{"line":25,"column":19}},"25":{"start":{"line":26,"column":0},"end":{"line":26,"column":54}},"26":{"start":{"line":27,"column":0},"end":{"line":27,"column":15}},"27":{"start":{"line":28,"column":0},"end":{"line":28,"column":3}},"28":{"start":{"line":29,"column":0},"end":{"line":29,"column":1}},"30":{"start":{"line":31,"column":0},"end":{"line":31,"column":32}}},"s":{"0":1,"2":1,"4":1,"6":1,"7":1,"9":1,"10":0,"11":0,"13":1,"14":0,"15":0,"17":1,"18":0,"19":0,"21":1,"22":1,"23":0,"24":0,"25":0,"26":0,"27":0,"28":1,"30":1},"branchMap":{"0":{"type":"branch","line":7,"loc":{"start":{"line":7,"column":22},"end":{"line":29,"column":1}},"locations":[{"start":{"line":7,"column":22},"end":{"line":29,"column":1}}]},"1":{"type":"branch","line":10,"loc":{"start":{"line":10,"column":22},"end":{"line":12,"column":3}},"locations":[{"start":{"line":10,"column":22},"end":{"line":12,"column":3}}]},"2":{"type":"branch","line":14,"loc":{"start":{"line":14,"column":14},"end":{"line":16,"column":3}},"locations":[{"start":{"line":14,"column":14},"end":{"line":16,"column":3}}]},"3":{"type":"branch","line":18,"loc":{"start":{"line":18,"column":14},"end":{"line":20,"column":3}},"locations":[{"start":{"line":18,"column":14},"end":{"line":20,"column":3}}]},"4":{"type":"branch","line":23,"loc":{"start":{"line":23,"column":40},"end":{"line":28,"column":3}},"locations":[{"start":{"line":23,"column":40},"end":{"line":28,"column":3}}]}},"b":{"0":[1],"1":[0],"2":[0],"3":[0],"4":[0]},"fnMap":{"0":{"name":"getCharacters","decl":{"start":{"line":7,"column":22},"end":{"line":29,"column":1}},"loc":{"start":{"line":7,"column":22},"end":{"line":29,"column":1}},"line":7}},"f":{"0":1}}
,"C:\\Users\\gguti\\Projects\\pandago-role-play\\src\\modules\\common\\components\\HelloWorld.vue": {"path":"C:\\Users\\gguti\\Projects\\pandago-role-play\\src\\modules\\common\\components\\HelloWorld.vue","all":false,"statementMap":{"0":{"start":{"line":1,"column":0},"end":{"line":1,"column":10}},"1":{"start":{"line":2,"column":0},"end":{"line":2,"column":35}},"2":{"start":{"line":3,"column":0},"end":{"line":3,"column":17}},"3":{"start":{"line":4,"column":0},"end":{"line":4,"column":45}},"4":{"start":{"line":5,"column":0},"end":{"line":5,"column":21}},"6":{"start":{"line":7,"column":0},"end":{"line":7,"column":12}},"7":{"start":{"line":8,"column":0},"end":{"line":8,"column":20}},"8":{"start":{"line":9,"column":0},"end":{"line":9,"column":20}},"9":{"start":{"line":10,"column":0},"end":{"line":10,"column":32}},"10":{"start":{"line":11,"column":0},"end":{"line":11,"column":8}},"12":{"start":{"line":13,"column":0},"end":{"line":13,"column":31}},"13":{"start":{"line":14,"column":0},"end":{"line":14,"column":73}},"15":{"start":{"line":16,"column":0},"end":{"line":16,"column":57}},"16":{"start":{"line":17,"column":0},"end":{"line":17,"column":12}},"18":{"start":{"line":19,"column":0},"end":{"line":19,"column":26}},"20":{"start":{"line":21,"column":0},"end":{"line":21,"column":13}},"21":{"start":{"line":22,"column":0},"end":{"line":22,"column":25}},"22":{"start":{"line":23,"column":0},"end":{"line":23,"column":17}},"23":{"start":{"line":24,"column":0},"end":{"line":24,"column":24}},"24":{"start":{"line":25,"column":0},"end":{"line":25,"column":35}},"25":{"start":{"line":26,"column":0},"end":{"line":26,"column":80}},"26":{"start":{"line":27,"column":0},"end":{"line":27,"column":52}},"27":{"start":{"line":28,"column":0},"end":{"line":28,"column":24}},"28":{"start":{"line":29,"column":0},"end":{"line":29,"column":30}},"30":{"start":{"line":31,"column":0},"end":{"line":31,"column":29}},"31":{"start":{"line":32,"column":0},"end":{"line":32,"column":44}},"34":{"start":{"line":35,"column":0},"end":{"line":35,"column":29}},"35":{"start":{"line":36,"column":0},"end":{"line":36,"column":67}},"38":{"start":{"line":39,"column":0},"end":{"line":39,"column":32}},"39":{"start":{"line":40,"column":0},"end":{"line":40,"column":43}},"40":{"start":{"line":41,"column":0},"end":{"line":41,"column":118}},"41":{"start":{"line":42,"column":0},"end":{"line":42,"column":20}},"44":{"start":{"line":45,"column":0},"end":{"line":45,"column":22}},"45":{"start":{"line":46,"column":0},"end":{"line":46,"column":23}},"46":{"start":{"line":47,"column":0},"end":{"line":47,"column":25}},"47":{"start":{"line":48,"column":0},"end":{"line":48,"column":27}},"48":{"start":{"line":49,"column":0},"end":{"line":49,"column":24}},"49":{"start":{"line":50,"column":0},"end":{"line":50,"column":29}},"50":{"start":{"line":51,"column":0},"end":{"line":51,"column":14}},"51":{"start":{"line":52,"column":0},"end":{"line":52,"column":19}},"52":{"start":{"line":53,"column":0},"end":{"line":53,"column":16}},"54":{"start":{"line":55,"column":0},"end":{"line":55,"column":24}},"55":{"start":{"line":56,"column":0},"end":{"line":56,"column":17}},"56":{"start":{"line":57,"column":0},"end":{"line":57,"column":41}},"57":{"start":{"line":58,"column":0},"end":{"line":58,"column":24}},"58":{"start":{"line":59,"column":0},"end":{"line":59,"column":35}},"59":{"start":{"line":60,"column":0},"end":{"line":60,"column":41}},"60":{"start":{"line":61,"column":0},"end":{"line":61,"column":47}},"61":{"start":{"line":62,"column":0},"end":{"line":62,"column":37}},"62":{"start":{"line":63,"column":0},"end":{"line":63,"column":24}},"63":{"start":{"line":64,"column":0},"end":{"line":64,"column":75}},"64":{"start":{"line":65,"column":0},"end":{"line":65,"column":27}},"65":{"start":{"line":66,"column":0},"end":{"line":66,"column":33}},"66":{"start":{"line":67,"column":0},"end":{"line":67,"column":26}},"68":{"start":{"line":69,"column":0},"end":{"line":69,"column":22}},"69":{"start":{"line":70,"column":0},"end":{"line":70,"column":23}},"70":{"start":{"line":71,"column":0},"end":{"line":71,"column":25}},"71":{"start":{"line":72,"column":0},"end":{"line":72,"column":27}},"72":{"start":{"line":73,"column":0},"end":{"line":73,"column":24}},"73":{"start":{"line":74,"column":0},"end":{"line":74,"column":29}},"74":{"start":{"line":75,"column":0},"end":{"line":75,"column":14}},"75":{"start":{"line":76,"column":0},"end":{"line":76,"column":19}},"76":{"start":{"line":77,"column":0},"end":{"line":77,"column":16}},"78":{"start":{"line":79,"column":0},"end":{"line":79,"column":24}},"79":{"start":{"line":80,"column":0},"end":{"line":80,"column":17}},"80":{"start":{"line":81,"column":0},"end":{"line":81,"column":41}},"81":{"start":{"line":82,"column":0},"end":{"line":82,"column":24}},"82":{"start":{"line":83,"column":0},"end":{"line":83,"column":35}},"83":{"start":{"line":84,"column":0},"end":{"line":84,"column":81}},"84":{"start":{"line":85,"column":0},"end":{"line":85,"column":50}},"85":{"start":{"line":86,"column":0},"end":{"line":86,"column":37}},"86":{"start":{"line":87,"column":0},"end":{"line":87,"column":24}},"87":{"start":{"line":88,"column":0},"end":{"line":88,"column":60}},"88":{"start":{"line":89,"column":0},"end":{"line":89,"column":27}},"89":{"start":{"line":90,"column":0},"end":{"line":90,"column":28}},"90":{"start":{"line":91,"column":0},"end":{"line":91,"column":26}},"92":{"start":{"line":93,"column":0},"end":{"line":93,"column":22}},"93":{"start":{"line":94,"column":0},"end":{"line":94,"column":23}},"94":{"start":{"line":95,"column":0},"end":{"line":95,"column":25}},"95":{"start":{"line":96,"column":0},"end":{"line":96,"column":27}},"96":{"start":{"line":97,"column":0},"end":{"line":97,"column":24}},"97":{"start":{"line":98,"column":0},"end":{"line":98,"column":29}},"98":{"start":{"line":99,"column":0},"end":{"line":99,"column":14}},"99":{"start":{"line":100,"column":0},"end":{"line":100,"column":19}},"100":{"start":{"line":101,"column":0},"end":{"line":101,"column":16}},"102":{"start":{"line":103,"column":0},"end":{"line":103,"column":24}},"103":{"start":{"line":104,"column":0},"end":{"line":104,"column":17}},"104":{"start":{"line":105,"column":0},"end":{"line":105,"column":41}},"105":{"start":{"line":106,"column":0},"end":{"line":106,"column":24}},"106":{"start":{"line":107,"column":0},"end":{"line":107,"column":35}},"107":{"start":{"line":108,"column":0},"end":{"line":108,"column":55}},"108":{"start":{"line":109,"column":0},"end":{"line":109,"column":46}},"109":{"start":{"line":110,"column":0},"end":{"line":110,"column":37}},"110":{"start":{"line":111,"column":0},"end":{"line":111,"column":24}},"111":{"start":{"line":112,"column":0},"end":{"line":112,"column":63}},"112":{"start":{"line":113,"column":0},"end":{"line":113,"column":27}},"113":{"start":{"line":114,"column":0},"end":{"line":114,"column":30}},"114":{"start":{"line":115,"column":0},"end":{"line":115,"column":26}},"116":{"start":{"line":117,"column":0},"end":{"line":117,"column":22}},"117":{"start":{"line":118,"column":0},"end":{"line":118,"column":23}},"118":{"start":{"line":119,"column":0},"end":{"line":119,"column":25}},"119":{"start":{"line":120,"column":0},"end":{"line":120,"column":27}},"120":{"start":{"line":121,"column":0},"end":{"line":121,"column":24}},"121":{"start":{"line":122,"column":0},"end":{"line":122,"column":29}},"122":{"start":{"line":123,"column":0},"end":{"line":123,"column":14}},"123":{"start":{"line":124,"column":0},"end":{"line":124,"column":19}},"124":{"start":{"line":125,"column":0},"end":{"line":125,"column":16}},"126":{"start":{"line":127,"column":0},"end":{"line":127,"column":24}},"127":{"start":{"line":128,"column":0},"end":{"line":128,"column":17}},"128":{"start":{"line":129,"column":0},"end":{"line":129,"column":41}},"129":{"start":{"line":130,"column":0},"end":{"line":130,"column":24}},"130":{"start":{"line":131,"column":0},"end":{"line":131,"column":35}},"131":{"start":{"line":132,"column":0},"end":{"line":132,"column":48}},"132":{"start":{"line":133,"column":0},"end":{"line":133,"column":52}},"133":{"start":{"line":134,"column":0},"end":{"line":134,"column":37}},"134":{"start":{"line":135,"column":0},"end":{"line":135,"column":24}},"135":{"start":{"line":136,"column":0},"end":{"line":136,"column":55}},"136":{"start":{"line":137,"column":0},"end":{"line":137,"column":27}},"137":{"start":{"line":138,"column":0},"end":{"line":138,"column":29}},"138":{"start":{"line":139,"column":0},"end":{"line":139,"column":26}},"140":{"start":{"line":141,"column":0},"end":{"line":141,"column":22}},"141":{"start":{"line":142,"column":0},"end":{"line":142,"column":23}},"142":{"start":{"line":143,"column":0},"end":{"line":143,"column":25}},"143":{"start":{"line":144,"column":0},"end":{"line":144,"column":27}},"144":{"start":{"line":145,"column":0},"end":{"line":145,"column":24}},"145":{"start":{"line":146,"column":0},"end":{"line":146,"column":29}},"146":{"start":{"line":147,"column":0},"end":{"line":147,"column":14}},"147":{"start":{"line":148,"column":0},"end":{"line":148,"column":19}},"148":{"start":{"line":149,"column":0},"end":{"line":149,"column":16}},"149":{"start":{"line":150,"column":0},"end":{"line":150,"column":14}},"150":{"start":{"line":151,"column":0},"end":{"line":151,"column":19}},"151":{"start":{"line":152,"column":0},"end":{"line":152,"column":16}}},"s":{"0":1,"1":1,"2":1,"3":1,"4":1,"6":1,"7":1,"8":1,"9":1,"10":1,"12":1,"13":1,"15":1,"16":1,"18":1,"20":1,"21":1,"22":1,"23":1,"24":1,"25":1,"26":1,"27":1,"28":1,"30":1,"31":1,"34":1,"35":1,"38":1,"39":1,"40":1,"41":1,"44":1,"45":1,"46":1,"47":1,"48":1,"49":1,"50":1,"51":1,"52":1,"54":1,"55":1,"56":1,"57":1,"58":1,"59":1,"60":1,"61":1,"62":1,"63":1,"64":1,"65":1,"66":1,"68":1,"69":1,"70":1,"71":1,"72":1,"73":1,"74":1,"75":1,"76":1,"78":1,"79":1,"80":1,"81":1,"82":1,"83":1,"84":1,"85":1,"86":1,"87":1,"88":1,"89":1,"90":1,"92":1,"93":1,"94":1,"95":1,"96":1,"97":1,"98":1,"99":1,"100":1,"102":1,"103":1,"104":1,"105":1,"106":1,"107":1,"108":1,"109":1,"110":1,"111":1,"112":1,"113":1,"114":1,"116":1,"117":1,"118":1,"119":1,"120":1,"121":1,"122":1,"123":1,"124":1,"126":1,"127":1,"128":1,"129":1,"130":1,"131":1,"132":1,"133":1,"134":1,"135":1,"136":1,"137":1,"138":1,"140":1,"141":1,"142":1,"143":1,"144":1,"145":1,"146":1,"147":1,"148":1,"149":1,"150":1,"151":1},"branchMap":{"0":{"type":"branch","line":32,"loc":{"start":{"line":32,"column":14},"end":{"line":32,"column":44}},"locations":[{"start":{"line":32,"column":14},"end":{"line":32,"column":44}}]},"1":{"type":"branch","line":36,"loc":{"start":{"line":36,"column":14},"end":{"line":36,"column":67}},"locations":[{"start":{"line":36,"column":14},"end":{"line":36,"column":67}}]},"2":{"type":"branch","line":41,"loc":{"start":{"line":41,"column":53},"end":{"line":41,"column":75}},"locations":[{"start":{"line":41,"column":53},"end":{"line":41,"column":75}}]},"3":{"type":"branch","line":41,"loc":{"start":{"line":41,"column":94},"end":{"line":41,"column":117}},"locations":[{"start":{"line":41,"column":94},"end":{"line":41,"column":117}}]}},"b":{"0":[1],"1":[1],"2":[1],"3":[1]},"fnMap":{},"f":{}}
,"C:\\Users\\gguti\\Projects\\pandago-role-play\\src\\modules\\common\\models\\images.ts": {"path":"C:\\Users\\gguti\\Projects\\pandago-role-play\\src\\modules\\common\\models\\images.ts","all":true,"statementMap":{},"s":{},"branchMap":{"0":{"type":"branch","line":1,"loc":{"start":{"line":1,"column":73},"end":{"line":4,"column":1}},"locations":[{"start":{"line":1,"column":73},"end":{"line":4,"column":1}}]}},"b":{"0":[1]},"fnMap":{"0":{"name":"(empty-report)","decl":{"start":{"line":1,"column":73},"end":{"line":4,"column":1}},"loc":{"start":{"line":1,"column":73},"end":{"line":4,"column":1}},"line":1}},"f":{"0":1}}
,"C:\\Users\\gguti\\Projects\\pandago-role-play\\src\\modules\\common\\services\\filters.ts": {"path":"C:\\Users\\gguti\\Projects\\pandago-role-play\\src\\modules\\common\\services\\filters.ts","all":false,"statementMap":{"0":{"start":{"line":1,"column":0},"end":{"line":1,"column":25}},"2":{"start":{"line":3,"column":0},"end":{"line":3,"column":71}},"4":{"start":{"line":5,"column":0},"end":{"line":5,"column":55}},"6":{"start":{"line":7,"column":0},"end":{"line":7,"column":31}},"7":{"start":{"line":8,"column":0},"end":{"line":8,"column":66}},"9":{"start":{"line":10,"column":0},"end":{"line":10,"column":7}},"10":{"start":{"line":11,"column":0},"end":{"line":11,"column":41}},"11":{"start":{"line":12,"column":0},"end":{"line":12,"column":37}},"12":{"start":{"line":13,"column":0},"end":{"line":13,"column":19}},"13":{"start":{"line":14,"column":0},"end":{"line":14,"column":50}},"14":{"start":{"line":15,"column":0},"end":{"line":15,"column":15}},"15":{"start":{"line":16,"column":0},"end":{"line":16,"column":3}},"16":{"start":{"line":17,"column":0},"end":{"line":17,"column":1}},"18":{"start":{"line":19,"column":0},"end":{"line":19,"column":31}},"19":{"start":{"line":20,"column":0},"end":{"line":20,"column":66}},"21":{"start":{"line":22,"column":0},"end":{"line":22,"column":7}},"22":{"start":{"line":23,"column":0},"end":{"line":23,"column":41}},"23":{"start":{"line":24,"column":0},"end":{"line":24,"column":37}},"24":{"start":{"line":25,"column":0},"end":{"line":25,"column":19}},"25":{"start":{"line":26,"column":0},"end":{"line":26,"column":50}},"26":{"start":{"line":27,"column":0},"end":{"line":27,"column":15}},"27":{"start":{"line":28,"column":0},"end":{"line":28,"column":3}},"28":{"start":{"line":29,"column":0},"end":{"line":29,"column":1}},"30":{"start":{"line":31,"column":0},"end":{"line":31,"column":39}}},"s":{"0":1,"2":1,"4":1,"6":1,"7":1,"9":1,"10":1,"11":0,"12":0,"13":0,"14":0,"15":0,"16":1,"18":1,"19":1,"21":1,"22":1,"23":0,"24":0,"25":0,"26":0,"27":0,"28":1,"30":1},"branchMap":{"0":{"type":"branch","line":7,"loc":{"start":{"line":7,"column":18},"end":{"line":17,"column":1}},"locations":[{"start":{"line":7,"column":18},"end":{"line":17,"column":1}}]},"1":{"type":"branch","line":11,"loc":{"start":{"line":11,"column":40},"end":{"line":16,"column":3}},"locations":[{"start":{"line":11,"column":40},"end":{"line":16,"column":3}}]},"2":{"type":"branch","line":19,"loc":{"start":{"line":19,"column":18},"end":{"line":29,"column":1}},"locations":[{"start":{"line":19,"column":18},"end":{"line":29,"column":1}}]},"3":{"type":"branch","line":23,"loc":{"start":{"line":23,"column":40},"end":{"line":28,"column":3}},"locations":[{"start":{"line":23,"column":40},"end":{"line":28,"column":3}}]}},"b":{"0":[1],"1":[0],"2":[1],"3":[0]},"fnMap":{"0":{"name":"getSeries","decl":{"start":{"line":7,"column":18},"end":{"line":17,"column":1}},"loc":{"start":{"line":7,"column":18},"end":{"line":17,"column":1}},"line":7},"1":{"name":"getComics","decl":{"start":{"line":19,"column":18},"end":{"line":29,"column":1}},"loc":{"start":{"line":19,"column":18},"end":{"line":29,"column":1}},"line":19}},"f":{"0":1,"1":1}}
,"C:\\Users\\gguti\\Projects\\pandago-role-play\\src\\modules\\common\\utils\\images.ts": {"path":"C:\\Users\\gguti\\Projects\\pandago-role-play\\src\\modules\\common\\utils\\images.ts","all":false,"statementMap":{"2":{"start":{"line":3,"column":0},"end":{"line":3,"column":64}},"3":{"start":{"line":4,"column":0},"end":{"line":4,"column":51}},"4":{"start":{"line":5,"column":0},"end":{"line":5,"column":1}}},"s":{"2":1,"3":2,"4":2},"branchMap":{"0":{"type":"branch","line":3,"loc":{"start":{"line":3,"column":37},"end":{"line":5,"column":1}},"locations":[{"start":{"line":3,"column":37},"end":{"line":5,"column":1}}]}},"b":{"0":[2]},"fnMap":{"0":{"name":"getImageFromThumbnail","decl":{"start":{"line":3,"column":37},"end":{"line":5,"column":1}},"loc":{"start":{"line":3,"column":37},"end":{"line":5,"column":1}},"line":3}},"f":{"0":2}}
,"C:\\Users\\gguti\\Projects\\pandago-role-play\\src\\modules\\common\\utils\\query-params.ts": {"path":"C:\\Users\\gguti\\Projects\\pandago-role-play\\src\\modules\\common\\utils\\query-params.ts","all":false,"statementMap":{"0":{"start":{"line":1,"column":0},"end":{"line":1,"column":21}},"3":{"start":{"line":4,"column":0},"end":{"line":4,"column":53}},"4":{"start":{"line":5,"column":0},"end":{"line":5,"column":62}},"7":{"start":{"line":8,"column":0},"end":{"line":8,"column":40}},"9":{"start":{"line":10,"column":0},"end":{"line":10,"column":40}},"12":{"start":{"line":13,"column":0},"end":{"line":13,"column":56}},"15":{"start":{"line":16,"column":0},"end":{"line":16,"column":73}},"17":{"start":{"line":18,"column":0},"end":{"line":18,"column":20}},"18":{"start":{"line":19,"column":0},"end":{"line":19,"column":1}}},"s":{"0":1,"3":1,"4":1,"7":1,"9":3,"12":3,"15":3,"17":3,"18":3},"branchMap":{"0":{"type":"branch","line":8,"loc":{"start":{"line":8,"column":33},"end":{"line":19,"column":1}},"locations":[{"start":{"line":8,"column":33},"end":{"line":19,"column":1}}]}},"b":{"0":[3]},"fnMap":{"0":{"name":"getQueryParamsApi","decl":{"start":{"line":8,"column":33},"end":{"line":19,"column":1}},"loc":{"start":{"line":8,"column":33},"end":{"line":19,"column":1}},"line":8}},"f":{"0":3}}
}
